┌ Info: 2024-05-17T21:50:21.297 [92731:1]: Pre-Initializing Simulation States
└ @ PowerSimulationsDynamics /Users/hross2/Julia/PowerSimulationsDynamics.jl/src/base/simulation.jl:265
┌ Info: 2024-05-17T21:50:21.335 [92731:1]: Unit System changed to UnitSystem.SYSTEM_BASE = 0
└ @ PowerSystems /Users/hross2/Julia/PowerSystems.jl_CurrentLimiting/src/base.jl:491
┌ Info: 2024-05-17T21:50:21.936 [92731:1]: PowerFlow solve converged, the results have been stored in the system
└ @ PowerFlows /Users/hross2/.julia/packages/PowerFlows/6nw6s/src/nlsolve_ac_powerflow.jl:47
┌ Info: 2024-05-17T21:50:21.936 [92731:1]: Unit System changed to UnitSystem.DEVICE_BASE = 1
└ @ PowerSystems /Users/hross2/Julia/PowerSystems.jl_CurrentLimiting/src/base.jl:491
┌ Info: 2024-05-17T21:50:30.848 [92731:1]: Residual from initial guess: max = 9.00682306514966e-11 at 23, total = 4.909637188310069e-10
└ @ PowerSimulationsDynamics /Users/hross2/Julia/PowerSimulationsDynamics.jl/src/base/nlsolve_wrapper.jl:101
┌ Info: 2024-05-17T21:50:30.873 [92731:1]: Initialization non-linear solve succeeded with a tolerance of 1.0e-9 using solver trust_region. Saving solution.
└ @ PowerSimulationsDynamics /Users/hross2/Julia/PowerSimulationsDynamics.jl/src/base/nlsolve_wrapper.jl:68
┌ Info: 2024-05-17T21:50:30.874 [92731:1]: Attaching Perturbations
└ @ PowerSimulationsDynamics /Users/hross2/Julia/PowerSimulationsDynamics.jl/src/base/simulation.jl:296
┌ Info: 2024-05-17T21:50:31.536 [92731:1]: Simulations status = BUILT
└ @ PowerSimulationsDynamics /Users/hross2/Julia/PowerSimulationsDynamics.jl/src/base/simulation.jl:428
┌ Info: 2024-05-17T21:50:31.537 [92731:1]: 
│  ───────────────────────────────────────────────────────────────────────────────
│                                                      Time          Allocations  
│                                                ───────────────   ───────────────
│                 Total measured:                     11.7s            1.21GiB    
│ 
│  Section                               ncalls     time    %tot     alloc    %tot
│  ───────────────────────────────────────────────────────────────────────────────
│  Build Simulation                           1    11.7s  100.0%   1.21GiB  100.0%
│    Build Simulation Inputs                  1    1.26s   10.7%    142MiB   11.4%
│      Wrap Branches                          1    150μs    0.0%      240B    0.0%
│      Wrap Dynamic Injectors                 1    941ms    8.0%    113MiB    9.1%
│      Calculate MM, DAE_vector, Tota...      1    130ms    1.1%   17.0MiB    1.4%
│      Wrap Static Injectors                  1    129ms    1.1%   5.78MiB    0.5%
│    Pre-initialization                       1    4.38s   37.3%    550MiB   44.3%
│      Power Flow solution                    1    628ms    5.4%   36.0MiB    2.9%
│      Initialize Static Injectors            1   91.6μs    0.0%     0.00B    0.0%
│      Initialize Dynamic Injectors           1    3.48s   29.7%    486MiB   39.2%
│    Calculate Jacobian                       1    3.29s   28.1%    443MiB   35.7%
│    Make Model Function                      1   4.01ms    0.0%   96.5KiB    0.0%
│    Initial Condition NLsolve refine...      1    2.13s   18.2%   61.9MiB    5.0%
│    Build Perturbations                      1    207ms    1.8%   27.3MiB    2.2%
│    Make DiffEq Problem                      1    452ms    3.9%   16.2MiB    1.3%
│  ───────────────────────────────────────────────────────────────────────────────
│ 
└ @ PowerSimulationsDynamics /Users/hross2/Julia/PowerSimulationsDynamics.jl/src/base/simulation.jl:453
